<?xml version="1.0" encoding="UTF-8"?>
<coverage generated="1727098718781" clover="3.2.0">
  <project timestamp="1727098718781" name="All files">
    <metrics statements="18" coveredstatements="18" conditionals="17" coveredconditionals="17" methods="6" coveredmethods="6" elements="41" coveredelements="41" complexity="0" loc="18" ncloc="18" packages="1" files="1" classes="1"/>
    <file name="Aluno.js" path="/home/edu/Documents/DevOps/pratica4/Aluno.js">
      <metrics statements="18" coveredstatements="18" conditionals="17" coveredconditionals="17" methods="6" coveredmethods="6"/>
      <line num="3" count="41" type="stmt"/>
      <line num="4" count="41" type="stmt"/>
      <line num="5" count="39" type="stmt"/>
      <line num="6" count="39" type="stmt"/>
      <line num="7" count="39" type="stmt"/>
      <line num="11" count="78" type="cond" truecount="5" falsecount="0"/>
      <line num="12" count="2" type="stmt"/>
      <line num="14" count="39" type="stmt"/>
      <line num="18" count="39" type="cond" truecount="2" falsecount="0"/>
      <line num="19" count="1" type="stmt"/>
      <line num="22" count="38" type="stmt"/>
      <line num="23" count="38" type="stmt"/>
      <line num="27" count="39" type="cond" truecount="2" falsecount="0"/>
      <line num="28" count="36" type="cond" truecount="2" falsecount="0"/>
      <line num="29" count="35" type="cond" truecount="2" falsecount="0"/>
      <line num="30" count="6" type="stmt"/>
      <line num="34" count="39" type="cond" truecount="4" falsecount="0"/>
      <line num="38" count="1" type="stmt"/>
    </file>
  </project>
</coverage>
