{"/home/edu/Documents/DevOps/pratica4/Aluno.js": {"path":"/home/edu/Documents/DevOps/pratica4/Aluno.js","statementMap":{"0":{"start":{"line":3,"column":6},"end":{"line":3,"column":23}},"1":{"start":{"line":4,"column":6},"end":{"line":4,"column":44}},"2":{"start":{"line":5,"column":6},"end":{"line":5,"column":40}},"3":{"start":{"line":6,"column":6},"end":{"line":6,"column":39}},"4":{"start":{"line":7,"column":6},"end":{"line":7,"column":62}},"5":{"start":{"line":11,"column":6},"end":{"line":13,"column":7}},"6":{"start":{"line":11,"column":29},"end":{"line":11,"column":78}},"7":{"start":{"line":12,"column":8},"end":{"line":12,"column":85}},"8":{"start":{"line":14,"column":6},"end":{"line":14,"column":19}},"9":{"start":{"line":18,"column":8},"end":{"line":20,"column":9}},"10":{"start":{"line":19,"column":10},"end":{"line":19,"column":31}},"11":{"start":{"line":22,"column":31},"end":{"line":22,"column":41}},"12":{"start":{"line":23,"column":8},"end":{"line":23,"column":45}},"13":{"start":{"line":27,"column":6},"end":{"line":27,"column":41}},"14":{"start":{"line":27,"column":29},"end":{"line":27,"column":41}},"15":{"start":{"line":28,"column":6},"end":{"line":28,"column":41}},"16":{"start":{"line":28,"column":29},"end":{"line":28,"column":41}},"17":{"start":{"line":29,"column":6},"end":{"line":29,"column":41}},"18":{"start":{"line":29,"column":29},"end":{"line":29,"column":41}},"19":{"start":{"line":30,"column":6},"end":{"line":30,"column":18}},"20":{"start":{"line":34,"column":6},"end":{"line":34,"column":85}},"21":{"start":{"line":38,"column":2},"end":{"line":38,"column":25}}},"fnMap":{"0":{"name":"(anonymous_0)","decl":{"start":{"line":2,"column":4},"end":{"line":2,"column":5}},"loc":{"start":{"line":2,"column":29},"end":{"line":8,"column":5}},"line":2},"1":{"name":"(anonymous_1)","decl":{"start":{"line":10,"column":4},"end":{"line":10,"column":5}},"loc":{"start":{"line":10,"column":24},"end":{"line":15,"column":5}},"line":10},"2":{"name":"(anonymous_2)","decl":{"start":{"line":11,"column":21},"end":{"line":11,"column":22}},"loc":{"start":{"line":11,"column":29},"end":{"line":11,"column":78}},"line":11},"3":{"name":"(anonymous_3)","decl":{"start":{"line":17,"column":4},"end":{"line":17,"column":5}},"loc":{"start":{"line":17,"column":20},"end":{"line":24,"column":7}},"line":17},"4":{"name":"(anonymous_4)","decl":{"start":{"line":26,"column":4},"end":{"line":26,"column":5}},"loc":{"start":{"line":26,"column":18},"end":{"line":31,"column":5}},"line":26},"5":{"name":"(anonymous_5)","decl":{"start":{"line":33,"column":4},"end":{"line":33,"column":5}},"loc":{"start":{"line":33,"column":32},"end":{"line":35,"column":5}},"line":33}},"branchMap":{"0":{"loc":{"start":{"line":11,"column":6},"end":{"line":13,"column":7}},"type":"if","locations":[{"start":{"line":11,"column":6},"end":{"line":13,"column":7}},{"start":{},"end":{}}],"line":11},"1":{"loc":{"start":{"line":11,"column":29},"end":{"line":11,"column":78}},"type":"binary-expr","locations":[{"start":{"line":11,"column":29},"end":{"line":11,"column":53}},{"start":{"line":11,"column":57},"end":{"line":11,"column":65}},{"start":{"line":11,"column":69},"end":{"line":11,"column":78}}],"line":11},"2":{"loc":{"start":{"line":18,"column":8},"end":{"line":20,"column":9}},"type":"if","locations":[{"start":{"line":18,"column":8},"end":{"line":20,"column":9}},{"start":{},"end":{}}],"line":18},"3":{"loc":{"start":{"line":27,"column":6},"end":{"line":27,"column":41}},"type":"if","locations":[{"start":{"line":27,"column":6},"end":{"line":27,"column":41}},{"start":{},"end":{}}],"line":27},"4":{"loc":{"start":{"line":28,"column":6},"end":{"line":28,"column":41}},"type":"if","locations":[{"start":{"line":28,"column":6},"end":{"line":28,"column":41}},{"start":{},"end":{}}],"line":28},"5":{"loc":{"start":{"line":29,"column":6},"end":{"line":29,"column":41}},"type":"if","locations":[{"start":{"line":29,"column":6},"end":{"line":29,"column":41}},{"start":{},"end":{}}],"line":29},"6":{"loc":{"start":{"line":34,"column":13},"end":{"line":34,"column":84}},"type":"cond-expr","locations":[{"start":{"line":34,"column":60},"end":{"line":34,"column":70}},{"start":{"line":34,"column":73},"end":{"line":34,"column":84}}],"line":34},"7":{"loc":{"start":{"line":34,"column":13},"end":{"line":34,"column":57}},"type":"binary-expr","locations":[{"start":{"line":34,"column":13},"end":{"line":34,"column":33}},{"start":{"line":34,"column":37},"end":{"line":34,"column":57}}],"line":34}},"s":{"0":41,"1":41,"2":39,"3":39,"4":39,"5":41,"6":78,"7":2,"8":39,"9":39,"10":1,"11":38,"12":38,"13":39,"14":3,"15":36,"16":1,"17":35,"18":29,"19":6,"20":39,"21":1},"f":{"0":41,"1":41,"2":78,"3":39,"4":39,"5":39},"b":{"0":[2,39],"1":[78,77,77],"2":[1,38],"3":[3,36],"4":[1,35],"5":[29,6],"6":[33,6],"7":[39,33]},"_coverageSchema":"1a1c01bbd47fc00a2c39e90264f33305004495a9","hash":"af6d2ef1ecce2a04b23c4e98d902dafa9dcfe429"}
}
