TN:
SF:Aluno.js
FN:2,(anonymous_0)
FN:10,(anonymous_1)
FN:11,(anonymous_2)
FN:17,(anonymous_3)
FN:26,(anonymous_4)
FN:33,(anonymous_5)
FNF:6
FNH:6
FNDA:41,(anonymous_0)
FNDA:41,(anonymous_1)
FNDA:78,(anonymous_2)
FNDA:39,(anonymous_3)
FNDA:39,(anonymous_4)
FNDA:39,(anonymous_5)
DA:3,41
DA:4,41
DA:5,39
DA:6,39
DA:7,39
DA:11,78
DA:12,2
DA:14,39
DA:18,39
DA:19,1
DA:22,38
DA:23,38
DA:27,39
DA:28,36
DA:29,35
DA:30,6
DA:34,39
DA:38,1
LF:18
LH:18
BRDA:11,0,0,2
BRDA:11,0,1,39
BRDA:11,1,0,78
BRDA:11,1,1,77
BRDA:11,1,2,77
BRDA:18,2,0,1
BRDA:18,2,1,38
BRDA:27,3,0,3
BRDA:27,3,1,36
BRDA:28,4,0,1
BRDA:28,4,1,35
BRDA:29,5,0,29
BRDA:29,5,1,6
BRDA:34,6,0,33
BRDA:34,6,1,6
BRDA:34,7,0,39
BRDA:34,7,1,33
BRF:17
BRH:17
end_of_record
